<?xml version="1.0" encoding="UTF-8"?>
<!-- Generated by org.testng.reporters.JUnitReportReporter -->
<testsuite hostname="LTIN215617" failures="0" tests="7" name="testCases.TC003_loginValidation" time="21.187" errors="0" timestamp="2024-03-04T10:41:06 IST" skipped="0">
  <testcase classname="testCases.TC003_loginValidation" name="user_navigates_to_zigwheels_page" time="0.173"/>
  <system-out/>
  <testcase classname="testCases.TC003_loginValidation" name="user_click_on_login_signup_button" time="0.832"/>
  <system-out/>
  <testcase classname="testCases.TC003_loginValidation" name="user_should_able_to_view_login_register_to_zig_wheels_page" time="0.225"/>
  <system-out/>
  <testcase classname="testCases.TC003_loginValidation" name="user_click_on_google_button" time="0.460"/>
  <system-out/>
  <testcase classname="testCases.TC003_loginValidation" name="user_should_switch_to_new_sign_in_window" time="2.442"/>
  <system-out/>
  <testcase classname="testCases.TC003_loginValidation" name="user_fill_invalid_account_details" time="17.031"/>
  <system-out/>
  <testcase classname="testCases.TC003_loginValidation" name="user_should_able_to_capture_error_masseage" time="0.024"/>
  <system-out/>
</testsuite> <!-- testCases.TC003_loginValidation -->
