<?xml version="1.0" encoding="UTF-8"?>
<!-- Generated by org.testng.reporters.JUnitReportReporter -->
<testsuite hostname="LTIN215617" failures="0" tests="8" name="testCases.TC002_UsedCars" time="9.282" errors="0" timestamp="2024-03-04T10:41:06 IST" skipped="0">
  <testcase classname="testCases.TC002_UsedCars" name="user_navigates_to_zigwheels_page" time="0.078"/>
  <system-out/>
  <testcase classname="testCases.TC002_UsedCars" name="user_move_cursor_to_used_cars" time="0.450"/>
  <system-out/>
  <testcase classname="testCases.TC002_UsedCars" name="user_click_to_chennai" time="5.054"/>
  <system-out/>
  <testcase classname="testCases.TC002_UsedCars" name="user_should_able_to_view_uesd_cars_in_chennai" time="0.063"/>
  <system-out/>
  <testcase classname="testCases.TC002_UsedCars" name="user_scroll_to_popular_models" time="0.087"/>
  <system-out/>
  <testcase classname="testCases.TC002_UsedCars" name="user_extract_all_the_popular_models" time="0.293"/>
  <system-out/>
  <testcase classname="testCases.TC002_UsedCars" name="user_display_all_popular_models" time="1.166"/>
  <system-out/>
  <testcase classname="testCases.TC002_UsedCars" name="user_click_on_the_zigwheels_to_navigate_homepage" time="2.091"/>
  <system-out/>
</testsuite> <!-- testCases.TC002_UsedCars -->
