<?xml version="1.0" encoding="UTF-8"?>
<!-- Generated by org.testng.reporters.JUnitReportReporter -->
<testsuite hostname="LTIN215617" failures="0" tests="10" name="testCases.TC001_BikesDetails" time="22.083" errors="0" timestamp="2024-03-04T10:41:06 IST" skipped="0">
  <testcase classname="testCases.TC001_BikesDetails" name="user_navigates_to_zigwheels_page" time="0.246"/>
  <system-out/>
  <testcase classname="testCases.TC001_BikesDetails" name="user_move_cursor_to_new_bikes" time="0.825"/>
  <system-out/>
  <testcase classname="testCases.TC001_BikesDetails" name="user_click_the_upcoming_bike_option" time="1.797"/>
  <system-out/>
  <testcase classname="testCases.TC001_BikesDetails" name="user_should_able_to_view_upcoming_bikes_in_india" time="1.272"/>
  <system-out/>
  <testcase classname="testCases.TC001_BikesDetails" name="user_scroll_to_upcoming_bikes_by_brand" time="0.150"/>
  <system-out/>
  <testcase classname="testCases.TC001_BikesDetails" name="user_click_to_honda_manufacturer" time="1.408"/>
  <system-out/>
  <testcase classname="testCases.TC001_BikesDetails" name="user_should_able_to_view_honda_upcoming_bikes_in_india" time="0.116"/>
  <system-out/>
  <testcase classname="testCases.TC001_BikesDetails" name="user_scroll_to_view_more_bikes" time="0.187"/>
  <system-out/>
  <testcase classname="testCases.TC001_BikesDetails" name="user_display_the_bike_details_where_price_less_than_four_lakh" time="12.011"/>
  <system-out/>
  <testcase classname="testCases.TC001_BikesDetails" name="user_scroll_back_to_honda_upcoming_bikes_in_india" time="4.071"/>
  <system-out/>
</testsuite> <!-- testCases.TC001_BikesDetails -->
